<?xml version="1.0" encoding="UTF-8"?>
<testsuite xmlns:xsi="http://www.w3.org/2001/XMLSchema-instance" xsi:noNamespaceSchemaLocation="https://maven.apache.org/surefire/maven-surefire-plugin/xsd/surefire-test-report.xsd" name="com.exam.ExamserverApplicationTests" time="0.262" tests="1" errors="1" skipped="0" failures="0">
  <properties>
    <property name="java.specification.version" value="17"/>
    <property name="sun.jnu.encoding" value="UTF-8"/>
    <property name="java.class.path" value="/Users/binodkathayat/Desktop/examproject/Exam/Exam portal/examserver/target/test-classes:/Users/binodkathayat/Desktop/examproject/Exam/Exam portal/examserver/target/classes:/Users/binodkathayat/.m2/repository/org/springframework/boot/spring-boot-starter-data-jpa/2.7.5/spring-boot-starter-data-jpa-2.7.5.jar:/Users/binodkathayat/.m2/repository/org/springframework/boot/spring-boot-starter-aop/2.7.5/spring-boot-starter-aop-2.7.5.jar:/Users/binodkathayat/.m2/repository/org/aspectj/aspectjweaver/1.9.7/aspectjweaver-1.9.7.jar:/Users/binodkathayat/.m2/repository/org/springframework/boot/spring-boot-starter-jdbc/2.7.5/spring-boot-starter-jdbc-2.7.5.jar:/Users/binodkathayat/.m2/repository/com/zaxxer/HikariCP/4.0.3/HikariCP-4.0.3.jar:/Users/binodkathayat/.m2/repository/org/springframework/spring-jdbc/5.3.23/spring-jdbc-5.3.23.jar:/Users/binodkathayat/.m2/repository/jakarta/transaction/jakarta.transaction-api/1.3.3/jakarta.transaction-api-1.3.3.jar:/Users/binodkathayat/.m2/repository/jakarta/persistence/jakarta.persistence-api/2.2.3/jakarta.persistence-api-2.2.3.jar:/Users/binodkathayat/.m2/repository/org/hibernate/hibernate-core/5.6.12.Final/hibernate-core-5.6.12.Final.jar:/Users/binodkathayat/.m2/repository/org/jboss/logging/jboss-logging/3.4.3.Final/jboss-logging-3.4.3.Final.jar:/Users/binodkathayat/.m2/repository/net/bytebuddy/byte-buddy/1.12.18/byte-buddy-1.12.18.jar:/Users/binodkathayat/.m2/repository/antlr/antlr/2.7.7/antlr-2.7.7.jar:/Users/binodkathayat/.m2/repository/org/jboss/jandex/2.4.2.Final/jandex-2.4.2.Final.jar:/Users/binodkathayat/.m2/repository/com/fasterxml/classmate/1.5.1/classmate-1.5.1.jar:/Users/binodkathayat/.m2/repository/org/hibernate/common/hibernate-commons-annotations/5.1.2.Final/hibernate-commons-annotations-5.1.2.Final.jar:/Users/binodkathayat/.m2/repository/org/glassfish/jaxb/jaxb-runtime/2.3.7/jaxb-runtime-2.3.7.jar:/Users/binodkathayat/.m2/repository/org/glassfish/jaxb/txw2/2.3.7/txw2-2.3.7.jar:/Users/binodkathayat/.m2/repository/com/sun/istack/istack-commons-runtime/3.0.12/istack-commons-runtime-3.0.12.jar:/Users/binodkathayat/.m2/repository/com/sun/activation/jakarta.activation/1.2.2/jakarta.activation-1.2.2.jar:/Users/binodkathayat/.m2/repository/org/springframework/data/spring-data-jpa/2.7.5/spring-data-jpa-2.7.5.jar:/Users/binodkathayat/.m2/repository/org/springframework/data/spring-data-commons/2.7.5/spring-data-commons-2.7.5.jar:/Users/binodkathayat/.m2/repository/org/springframework/spring-orm/5.3.23/spring-orm-5.3.23.jar:/Users/binodkathayat/.m2/repository/org/springframework/spring-context/5.3.23/spring-context-5.3.23.jar:/Users/binodkathayat/.m2/repository/org/springframework/spring-tx/5.3.23/spring-tx-5.3.23.jar:/Users/binodkathayat/.m2/repository/org/springframework/spring-beans/5.3.23/spring-beans-5.3.23.jar:/Users/binodkathayat/.m2/repository/org/slf4j/slf4j-api/1.7.36/slf4j-api-1.7.36.jar:/Users/binodkathayat/.m2/repository/org/springframework/spring-aspects/5.3.23/spring-aspects-5.3.23.jar:/Users/binodkathayat/.m2/repository/org/springframework/boot/spring-boot-starter-web/2.7.5/spring-boot-starter-web-2.7.5.jar:/Users/binodkathayat/.m2/repository/org/springframework/boot/spring-boot-starter/2.7.5/spring-boot-starter-2.7.5.jar:/Users/binodkathayat/.m2/repository/org/springframework/boot/spring-boot/2.7.5/spring-boot-2.7.5.jar:/Users/binodkathayat/.m2/repository/org/springframework/boot/spring-boot-autoconfigure/2.7.5/spring-boot-autoconfigure-2.7.5.jar:/Users/binodkathayat/.m2/repository/org/springframework/boot/spring-boot-starter-logging/2.7.5/spring-boot-starter-logging-2.7.5.jar:/Users/binodkathayat/.m2/repository/ch/qos/logback/logback-classic/1.2.11/logback-classic-1.2.11.jar:/Users/binodkathayat/.m2/repository/ch/qos/logback/logback-core/1.2.11/logback-core-1.2.11.jar:/Users/binodkathayat/.m2/repository/org/apache/logging/log4j/log4j-to-slf4j/2.17.2/log4j-to-slf4j-2.17.2.jar:/Users/binodkathayat/.m2/repository/org/apache/logging/log4j/log4j-api/2.17.2/log4j-api-2.17.2.jar:/Users/binodkathayat/.m2/repository/org/slf4j/jul-to-slf4j/1.7.36/jul-to-slf4j-1.7.36.jar:/Users/binodkathayat/.m2/repository/jakarta/annotation/jakarta.annotation-api/1.3.5/jakarta.annotation-api-1.3.5.jar:/Users/binodkathayat/.m2/repository/org/yaml/snakeyaml/1.30/snakeyaml-1.30.jar:/Users/binodkathayat/.m2/repository/org/springframework/boot/spring-boot-starter-json/2.7.5/spring-boot-starter-json-2.7.5.jar:/Users/binodkathayat/.m2/repository/com/fasterxml/jackson/datatype/jackson-datatype-jdk8/2.13.4/jackson-datatype-jdk8-2.13.4.jar:/Users/binodkathayat/.m2/repository/com/fasterxml/jackson/datatype/jackson-datatype-jsr310/2.13.4/jackson-datatype-jsr310-2.13.4.jar:/Users/binodkathayat/.m2/repository/com/fasterxml/jackson/module/jackson-module-parameter-names/2.13.4/jackson-module-parameter-names-2.13.4.jar:/Users/binodkathayat/.m2/repository/org/springframework/boot/spring-boot-starter-tomcat/2.7.5/spring-boot-starter-tomcat-2.7.5.jar:/Users/binodkathayat/.m2/repository/org/apache/tomcat/embed/tomcat-embed-core/9.0.68/tomcat-embed-core-9.0.68.jar:/Users/binodkathayat/.m2/repository/org/apache/tomcat/embed/tomcat-embed-el/9.0.68/tomcat-embed-el-9.0.68.jar:/Users/binodkathayat/.m2/repository/org/apache/tomcat/embed/tomcat-embed-websocket/9.0.68/tomcat-embed-websocket-9.0.68.jar:/Users/binodkathayat/.m2/repository/org/springframework/spring-web/5.3.23/spring-web-5.3.23.jar:/Users/binodkathayat/.m2/repository/org/springframework/spring-webmvc/5.3.23/spring-webmvc-5.3.23.jar:/Users/binodkathayat/.m2/repository/org/springframework/spring-expression/5.3.23/spring-expression-5.3.23.jar:/Users/binodkathayat/.m2/repository/org/projectlombok/lombok/1.18.24/lombok-1.18.24.jar:/Users/binodkathayat/.m2/repository/com/mysql/mysql-connector-j/8.0.31/mysql-connector-j-8.0.31.jar:/Users/binodkathayat/.m2/repository/org/springframework/boot/spring-boot-starter-test/2.7.5/spring-boot-starter-test-2.7.5.jar:/Users/binodkathayat/.m2/repository/org/springframework/boot/spring-boot-test/2.7.5/spring-boot-test-2.7.5.jar:/Users/binodkathayat/.m2/repository/org/springframework/boot/spring-boot-test-autoconfigure/2.7.5/spring-boot-test-autoconfigure-2.7.5.jar:/Users/binodkathayat/.m2/repository/com/jayway/jsonpath/json-path/2.7.0/json-path-2.7.0.jar:/Users/binodkathayat/.m2/repository/net/minidev/json-smart/2.4.8/json-smart-2.4.8.jar:/Users/binodkathayat/.m2/repository/net/minidev/accessors-smart/2.4.8/accessors-smart-2.4.8.jar:/Users/binodkathayat/.m2/repository/org/ow2/asm/asm/9.1/asm-9.1.jar:/Users/binodkathayat/.m2/repository/jakarta/xml/bind/jakarta.xml.bind-api/2.3.3/jakarta.xml.bind-api-2.3.3.jar:/Users/binodkathayat/.m2/repository/jakarta/activation/jakarta.activation-api/1.2.2/jakarta.activation-api-1.2.2.jar:/Users/binodkathayat/.m2/repository/org/assertj/assertj-core/3.22.0/assertj-core-3.22.0.jar:/Users/binodkathayat/.m2/repository/org/hamcrest/hamcrest/2.2/hamcrest-2.2.jar:/Users/binodkathayat/.m2/repository/org/junit/jupiter/junit-jupiter/5.8.2/junit-jupiter-5.8.2.jar:/Users/binodkathayat/.m2/repository/org/junit/jupiter/junit-jupiter-api/5.8.2/junit-jupiter-api-5.8.2.jar:/Users/binodkathayat/.m2/repository/org/opentest4j/opentest4j/1.2.0/opentest4j-1.2.0.jar:/Users/binodkathayat/.m2/repository/org/junit/platform/junit-platform-commons/1.8.2/junit-platform-commons-1.8.2.jar:/Users/binodkathayat/.m2/repository/org/apiguardian/apiguardian-api/1.1.2/apiguardian-api-1.1.2.jar:/Users/binodkathayat/.m2/repository/org/junit/jupiter/junit-jupiter-params/5.8.2/junit-jupiter-params-5.8.2.jar:/Users/binodkathayat/.m2/repository/org/junit/jupiter/junit-jupiter-engine/5.8.2/junit-jupiter-engine-5.8.2.jar:/Users/binodkathayat/.m2/repository/org/junit/platform/junit-platform-engine/1.8.2/junit-platform-engine-1.8.2.jar:/Users/binodkathayat/.m2/repository/org/mockito/mockito-core/4.5.1/mockito-core-4.5.1.jar:/Users/binodkathayat/.m2/repository/net/bytebuddy/byte-buddy-agent/1.12.18/byte-buddy-agent-1.12.18.jar:/Users/binodkathayat/.m2/repository/org/objenesis/objenesis/3.2/objenesis-3.2.jar:/Users/binodkathayat/.m2/repository/org/mockito/mockito-junit-jupiter/4.5.1/mockito-junit-jupiter-4.5.1.jar:/Users/binodkathayat/.m2/repository/org/skyscreamer/jsonassert/1.5.1/jsonassert-1.5.1.jar:/Users/binodkathayat/.m2/repository/com/vaadin/external/google/android-json/0.0.20131108.vaadin1/android-json-0.0.20131108.vaadin1.jar:/Users/binodkathayat/.m2/repository/org/springframework/spring-core/5.3.23/spring-core-5.3.23.jar:/Users/binodkathayat/.m2/repository/org/springframework/spring-jcl/5.3.23/spring-jcl-5.3.23.jar:/Users/binodkathayat/.m2/repository/org/springframework/spring-test/5.3.23/spring-test-5.3.23.jar:/Users/binodkathayat/.m2/repository/org/xmlunit/xmlunit-core/2.9.0/xmlunit-core-2.9.0.jar:/Users/binodkathayat/.m2/repository/org/springframework/boot/spring-boot-starter-security/2.7.5/spring-boot-starter-security-2.7.5.jar:/Users/binodkathayat/.m2/repository/org/springframework/spring-aop/5.3.23/spring-aop-5.3.23.jar:/Users/binodkathayat/.m2/repository/org/springframework/security/spring-security-config/5.7.4/spring-security-config-5.7.4.jar:/Users/binodkathayat/.m2/repository/org/springframework/security/spring-security-core/5.7.4/spring-security-core-5.7.4.jar:/Users/binodkathayat/.m2/repository/org/springframework/security/spring-security-crypto/5.7.4/spring-security-crypto-5.7.4.jar:/Users/binodkathayat/.m2/repository/org/springframework/security/spring-security-web/5.7.4/spring-security-web-5.7.4.jar:/Users/binodkathayat/.m2/repository/io/jsonwebtoken/jjwt/0.9.0/jjwt-0.9.0.jar:/Users/binodkathayat/.m2/repository/com/fasterxml/jackson/core/jackson-databind/2.13.4.2/jackson-databind-2.13.4.2.jar:/Users/binodkathayat/.m2/repository/com/fasterxml/jackson/core/jackson-annotations/2.13.4/jackson-annotations-2.13.4.jar:/Users/binodkathayat/.m2/repository/com/fasterxml/jackson/core/jackson-core/2.13.4/jackson-core-2.13.4.jar:/Users/binodkathayat/.m2/repository/javax/xml/bind/jaxb-api/2.3.1/jaxb-api-2.3.1.jar:/Users/binodkathayat/.m2/repository/javax/activation/javax.activation-api/1.2.0/javax.activation-api-1.2.0.jar:"/>
    <property name="java.vm.vendor" value="Oracle Corporation"/>
    <property name="sun.arch.data.model" value="64"/>
    <property name="java.vendor.url" value="https://java.oracle.com/"/>
    <property name="os.name" value="Mac OS X"/>
    <property name="java.vm.specification.version" value="17"/>
    <property name="sun.java.launcher" value="SUN_STANDARD"/>
    <property name="user.country" value="US"/>
    <property name="sun.boot.library.path" value="/Library/Java/JavaVirtualMachines/jdk-17.0.2.jdk/Contents/Home/lib"/>
    <property name="sun.java.command" value="/Users/binodkathayat/Desktop/examproject/Exam/Exam portal/examserver/target/surefire/surefirebooter4406425646329280578.jar /Users/binodkathayat/Desktop/examproject/Exam/Exam portal/examserver/target/surefire 2022-12-15T19-20-35_654-jvmRun1 surefire14651951266023536651tmp surefire_016155191879297313505tmp"/>
    <property name="http.nonProxyHosts" value="local|*.local|169.254/16|*.169.254/16"/>
    <property name="jdk.debug" value="release"/>
    <property name="surefire.test.class.path" value="/Users/binodkathayat/Desktop/examproject/Exam/Exam portal/examserver/target/test-classes:/Users/binodkathayat/Desktop/examproject/Exam/Exam portal/examserver/target/classes:/Users/binodkathayat/.m2/repository/org/springframework/boot/spring-boot-starter-data-jpa/2.7.5/spring-boot-starter-data-jpa-2.7.5.jar:/Users/binodkathayat/.m2/repository/org/springframework/boot/spring-boot-starter-aop/2.7.5/spring-boot-starter-aop-2.7.5.jar:/Users/binodkathayat/.m2/repository/org/aspectj/aspectjweaver/1.9.7/aspectjweaver-1.9.7.jar:/Users/binodkathayat/.m2/repository/org/springframework/boot/spring-boot-starter-jdbc/2.7.5/spring-boot-starter-jdbc-2.7.5.jar:/Users/binodkathayat/.m2/repository/com/zaxxer/HikariCP/4.0.3/HikariCP-4.0.3.jar:/Users/binodkathayat/.m2/repository/org/springframework/spring-jdbc/5.3.23/spring-jdbc-5.3.23.jar:/Users/binodkathayat/.m2/repository/jakarta/transaction/jakarta.transaction-api/1.3.3/jakarta.transaction-api-1.3.3.jar:/Users/binodkathayat/.m2/repository/jakarta/persistence/jakarta.persistence-api/2.2.3/jakarta.persistence-api-2.2.3.jar:/Users/binodkathayat/.m2/repository/org/hibernate/hibernate-core/5.6.12.Final/hibernate-core-5.6.12.Final.jar:/Users/binodkathayat/.m2/repository/org/jboss/logging/jboss-logging/3.4.3.Final/jboss-logging-3.4.3.Final.jar:/Users/binodkathayat/.m2/repository/net/bytebuddy/byte-buddy/1.12.18/byte-buddy-1.12.18.jar:/Users/binodkathayat/.m2/repository/antlr/antlr/2.7.7/antlr-2.7.7.jar:/Users/binodkathayat/.m2/repository/org/jboss/jandex/2.4.2.Final/jandex-2.4.2.Final.jar:/Users/binodkathayat/.m2/repository/com/fasterxml/classmate/1.5.1/classmate-1.5.1.jar:/Users/binodkathayat/.m2/repository/org/hibernate/common/hibernate-commons-annotations/5.1.2.Final/hibernate-commons-annotations-5.1.2.Final.jar:/Users/binodkathayat/.m2/repository/org/glassfish/jaxb/jaxb-runtime/2.3.7/jaxb-runtime-2.3.7.jar:/Users/binodkathayat/.m2/repository/org/glassfish/jaxb/txw2/2.3.7/txw2-2.3.7.jar:/Users/binodkathayat/.m2/repository/com/sun/istack/istack-commons-runtime/3.0.12/istack-commons-runtime-3.0.12.jar:/Users/binodkathayat/.m2/repository/com/sun/activation/jakarta.activation/1.2.2/jakarta.activation-1.2.2.jar:/Users/binodkathayat/.m2/repository/org/springframework/data/spring-data-jpa/2.7.5/spring-data-jpa-2.7.5.jar:/Users/binodkathayat/.m2/repository/org/springframework/data/spring-data-commons/2.7.5/spring-data-commons-2.7.5.jar:/Users/binodkathayat/.m2/repository/org/springframework/spring-orm/5.3.23/spring-orm-5.3.23.jar:/Users/binodkathayat/.m2/repository/org/springframework/spring-context/5.3.23/spring-context-5.3.23.jar:/Users/binodkathayat/.m2/repository/org/springframework/spring-tx/5.3.23/spring-tx-5.3.23.jar:/Users/binodkathayat/.m2/repository/org/springframework/spring-beans/5.3.23/spring-beans-5.3.23.jar:/Users/binodkathayat/.m2/repository/org/slf4j/slf4j-api/1.7.36/slf4j-api-1.7.36.jar:/Users/binodkathayat/.m2/repository/org/springframework/spring-aspects/5.3.23/spring-aspects-5.3.23.jar:/Users/binodkathayat/.m2/repository/org/springframework/boot/spring-boot-starter-web/2.7.5/spring-boot-starter-web-2.7.5.jar:/Users/binodkathayat/.m2/repository/org/springframework/boot/spring-boot-starter/2.7.5/spring-boot-starter-2.7.5.jar:/Users/binodkathayat/.m2/repository/org/springframework/boot/spring-boot/2.7.5/spring-boot-2.7.5.jar:/Users/binodkathayat/.m2/repository/org/springframework/boot/spring-boot-autoconfigure/2.7.5/spring-boot-autoconfigure-2.7.5.jar:/Users/binodkathayat/.m2/repository/org/springframework/boot/spring-boot-starter-logging/2.7.5/spring-boot-starter-logging-2.7.5.jar:/Users/binodkathayat/.m2/repository/ch/qos/logback/logback-classic/1.2.11/logback-classic-1.2.11.jar:/Users/binodkathayat/.m2/repository/ch/qos/logback/logback-core/1.2.11/logback-core-1.2.11.jar:/Users/binodkathayat/.m2/repository/org/apache/logging/log4j/log4j-to-slf4j/2.17.2/log4j-to-slf4j-2.17.2.jar:/Users/binodkathayat/.m2/repository/org/apache/logging/log4j/log4j-api/2.17.2/log4j-api-2.17.2.jar:/Users/binodkathayat/.m2/repository/org/slf4j/jul-to-slf4j/1.7.36/jul-to-slf4j-1.7.36.jar:/Users/binodkathayat/.m2/repository/jakarta/annotation/jakarta.annotation-api/1.3.5/jakarta.annotation-api-1.3.5.jar:/Users/binodkathayat/.m2/repository/org/yaml/snakeyaml/1.30/snakeyaml-1.30.jar:/Users/binodkathayat/.m2/repository/org/springframework/boot/spring-boot-starter-json/2.7.5/spring-boot-starter-json-2.7.5.jar:/Users/binodkathayat/.m2/repository/com/fasterxml/jackson/datatype/jackson-datatype-jdk8/2.13.4/jackson-datatype-jdk8-2.13.4.jar:/Users/binodkathayat/.m2/repository/com/fasterxml/jackson/datatype/jackson-datatype-jsr310/2.13.4/jackson-datatype-jsr310-2.13.4.jar:/Users/binodkathayat/.m2/repository/com/fasterxml/jackson/module/jackson-module-parameter-names/2.13.4/jackson-module-parameter-names-2.13.4.jar:/Users/binodkathayat/.m2/repository/org/springframework/boot/spring-boot-starter-tomcat/2.7.5/spring-boot-starter-tomcat-2.7.5.jar:/Users/binodkathayat/.m2/repository/org/apache/tomcat/embed/tomcat-embed-core/9.0.68/tomcat-embed-core-9.0.68.jar:/Users/binodkathayat/.m2/repository/org/apache/tomcat/embed/tomcat-embed-el/9.0.68/tomcat-embed-el-9.0.68.jar:/Users/binodkathayat/.m2/repository/org/apache/tomcat/embed/tomcat-embed-websocket/9.0.68/tomcat-embed-websocket-9.0.68.jar:/Users/binodkathayat/.m2/repository/org/springframework/spring-web/5.3.23/spring-web-5.3.23.jar:/Users/binodkathayat/.m2/repository/org/springframework/spring-webmvc/5.3.23/spring-webmvc-5.3.23.jar:/Users/binodkathayat/.m2/repository/org/springframework/spring-expression/5.3.23/spring-expression-5.3.23.jar:/Users/binodkathayat/.m2/repository/org/projectlombok/lombok/1.18.24/lombok-1.18.24.jar:/Users/binodkathayat/.m2/repository/com/mysql/mysql-connector-j/8.0.31/mysql-connector-j-8.0.31.jar:/Users/binodkathayat/.m2/repository/org/springframework/boot/spring-boot-starter-test/2.7.5/spring-boot-starter-test-2.7.5.jar:/Users/binodkathayat/.m2/repository/org/springframework/boot/spring-boot-test/2.7.5/spring-boot-test-2.7.5.jar:/Users/binodkathayat/.m2/repository/org/springframework/boot/spring-boot-test-autoconfigure/2.7.5/spring-boot-test-autoconfigure-2.7.5.jar:/Users/binodkathayat/.m2/repository/com/jayway/jsonpath/json-path/2.7.0/json-path-2.7.0.jar:/Users/binodkathayat/.m2/repository/net/minidev/json-smart/2.4.8/json-smart-2.4.8.jar:/Users/binodkathayat/.m2/repository/net/minidev/accessors-smart/2.4.8/accessors-smart-2.4.8.jar:/Users/binodkathayat/.m2/repository/org/ow2/asm/asm/9.1/asm-9.1.jar:/Users/binodkathayat/.m2/repository/jakarta/xml/bind/jakarta.xml.bind-api/2.3.3/jakarta.xml.bind-api-2.3.3.jar:/Users/binodkathayat/.m2/repository/jakarta/activation/jakarta.activation-api/1.2.2/jakarta.activation-api-1.2.2.jar:/Users/binodkathayat/.m2/repository/org/assertj/assertj-core/3.22.0/assertj-core-3.22.0.jar:/Users/binodkathayat/.m2/repository/org/hamcrest/hamcrest/2.2/hamcrest-2.2.jar:/Users/binodkathayat/.m2/repository/org/junit/jupiter/junit-jupiter/5.8.2/junit-jupiter-5.8.2.jar:/Users/binodkathayat/.m2/repository/org/junit/jupiter/junit-jupiter-api/5.8.2/junit-jupiter-api-5.8.2.jar:/Users/binodkathayat/.m2/repository/org/opentest4j/opentest4j/1.2.0/opentest4j-1.2.0.jar:/Users/binodkathayat/.m2/repository/org/junit/platform/junit-platform-commons/1.8.2/junit-platform-commons-1.8.2.jar:/Users/binodkathayat/.m2/repository/org/apiguardian/apiguardian-api/1.1.2/apiguardian-api-1.1.2.jar:/Users/binodkathayat/.m2/repository/org/junit/jupiter/junit-jupiter-params/5.8.2/junit-jupiter-params-5.8.2.jar:/Users/binodkathayat/.m2/repository/org/junit/jupiter/junit-jupiter-engine/5.8.2/junit-jupiter-engine-5.8.2.jar:/Users/binodkathayat/.m2/repository/org/junit/platform/junit-platform-engine/1.8.2/junit-platform-engine-1.8.2.jar:/Users/binodkathayat/.m2/repository/org/mockito/mockito-core/4.5.1/mockito-core-4.5.1.jar:/Users/binodkathayat/.m2/repository/net/bytebuddy/byte-buddy-agent/1.12.18/byte-buddy-agent-1.12.18.jar:/Users/binodkathayat/.m2/repository/org/objenesis/objenesis/3.2/objenesis-3.2.jar:/Users/binodkathayat/.m2/repository/org/mockito/mockito-junit-jupiter/4.5.1/mockito-junit-jupiter-4.5.1.jar:/Users/binodkathayat/.m2/repository/org/skyscreamer/jsonassert/1.5.1/jsonassert-1.5.1.jar:/Users/binodkathayat/.m2/repository/com/vaadin/external/google/android-json/0.0.20131108.vaadin1/android-json-0.0.20131108.vaadin1.jar:/Users/binodkathayat/.m2/repository/org/springframework/spring-core/5.3.23/spring-core-5.3.23.jar:/Users/binodkathayat/.m2/repository/org/springframework/spring-jcl/5.3.23/spring-jcl-5.3.23.jar:/Users/binodkathayat/.m2/repository/org/springframework/spring-test/5.3.23/spring-test-5.3.23.jar:/Users/binodkathayat/.m2/repository/org/xmlunit/xmlunit-core/2.9.0/xmlunit-core-2.9.0.jar:/Users/binodkathayat/.m2/repository/org/springframework/boot/spring-boot-starter-security/2.7.5/spring-boot-starter-security-2.7.5.jar:/Users/binodkathayat/.m2/repository/org/springframework/spring-aop/5.3.23/spring-aop-5.3.23.jar:/Users/binodkathayat/.m2/repository/org/springframework/security/spring-security-config/5.7.4/spring-security-config-5.7.4.jar:/Users/binodkathayat/.m2/repository/org/springframework/security/spring-security-core/5.7.4/spring-security-core-5.7.4.jar:/Users/binodkathayat/.m2/repository/org/springframework/security/spring-security-crypto/5.7.4/spring-security-crypto-5.7.4.jar:/Users/binodkathayat/.m2/repository/org/springframework/security/spring-security-web/5.7.4/spring-security-web-5.7.4.jar:/Users/binodkathayat/.m2/repository/io/jsonwebtoken/jjwt/0.9.0/jjwt-0.9.0.jar:/Users/binodkathayat/.m2/repository/com/fasterxml/jackson/core/jackson-databind/2.13.4.2/jackson-databind-2.13.4.2.jar:/Users/binodkathayat/.m2/repository/com/fasterxml/jackson/core/jackson-annotations/2.13.4/jackson-annotations-2.13.4.jar:/Users/binodkathayat/.m2/repository/com/fasterxml/jackson/core/jackson-core/2.13.4/jackson-core-2.13.4.jar:/Users/binodkathayat/.m2/repository/javax/xml/bind/jaxb-api/2.3.1/jaxb-api-2.3.1.jar:/Users/binodkathayat/.m2/repository/javax/activation/javax.activation-api/1.2.0/javax.activation-api-1.2.0.jar:"/>
    <property name="sun.cpu.endian" value="little"/>
    <property name="user.home" value="/Users/binodkathayat"/>
    <property name="user.language" value="en"/>
    <property name="java.specification.vendor" value="Oracle Corporation"/>
    <property name="java.version.date" value="2022-01-18"/>
    <property name="java.home" value="/Library/Java/JavaVirtualMachines/jdk-17.0.2.jdk/Contents/Home"/>
    <property name="file.separator" value="/"/>
    <property name="basedir" value="/Users/binodkathayat/Desktop/examproject/Exam/Exam portal/examserver"/>
    <property name="java.vm.compressedOopsMode" value="Zero based"/>
    <property name="line.separator" value="&#10;"/>
    <property name="java.specification.name" value="Java Platform API Specification"/>
    <property name="java.vm.specification.vendor" value="Oracle Corporation"/>
    <property name="surefire.real.class.path" value="/Users/binodkathayat/Desktop/examproject/Exam/Exam portal/examserver/target/surefire/surefirebooter4406425646329280578.jar"/>
    <property name="sun.management.compiler" value="HotSpot 64-Bit Tiered Compilers"/>
    <property name="ftp.nonProxyHosts" value="local|*.local|169.254/16|*.169.254/16"/>
    <property name="java.runtime.version" value="17.0.2+8-LTS-86"/>
    <property name="user.name" value="binodkathayat"/>
    <property name="path.separator" value=":"/>
    <property name="os.version" value="12.3.1"/>
    <property name="java.runtime.name" value="Java(TM) SE Runtime Environment"/>
    <property name="file.encoding" value="UTF-8"/>
    <property name="java.vm.name" value="Java HotSpot(TM) 64-Bit Server VM"/>
    <property name="localRepository" value="/Users/binodkathayat/.m2/repository"/>
    <property name="java.vendor.url.bug" value="https://bugreport.java.com/bugreport/"/>
    <property name="java.io.tmpdir" value="/var/folders/0d/typmkc890d53s09mc0rhds2r0000gn/T/"/>
    <property name="idea.version" value="2022.2.3"/>
    <property name="java.version" value="17.0.2"/>
    <property name="user.dir" value="/Users/binodkathayat/Desktop/examproject/Exam/Exam portal/examserver"/>
    <property name="os.arch" value="aarch64"/>
    <property name="java.vm.specification.name" value="Java Virtual Machine Specification"/>
    <property name="native.encoding" value="UTF-8"/>
    <property name="java.library.path" value="/Users/binodkathayat/Library/Java/Extensions:/Library/Java/Extensions:/Network/Library/Java/Extensions:/System/Library/Java/Extensions:/usr/lib/java:."/>
    <property name="java.vm.info" value="mixed mode, sharing"/>
    <property name="java.vendor" value="Oracle Corporation"/>
    <property name="java.vm.version" value="17.0.2+8-LTS-86"/>
    <property name="sun.io.unicode.encoding" value="UnicodeBig"/>
    <property name="socksNonProxyHosts" value="local|*.local|169.254/16|*.169.254/16"/>
    <property name="java.class.version" value="61.0"/>
  </properties>
  <testcase name="contextLoads" classname="com.exam.ExamserverApplicationTests" time="0.003">
    <error message="Failed to load ApplicationContext" type="java.lang.IllegalStateException">java.lang.IllegalStateException: Failed to load ApplicationContext
Caused by: java.lang.IllegalStateException: 
java.lang.IllegalStateException: Logback configuration error detected: 
ERROR in ch.qos.logback.core.joran.spi.Interpreter@1:44 - no applicable action for [logger], current ElementPath  is [[logger]]
Caused by: java.lang.IllegalStateException: 
Logback configuration error detected: 
ERROR in ch.qos.logback.core.joran.spi.Interpreter@1:44 - no applicable action for [logger], current ElementPath  is [[logger]]
</error>
    <system-out><![CDATA[19:20:35,984 |-INFO in ch.qos.logback.classic.LoggerContext[default] - Could NOT find resource [logback-test.xml]
19:20:35,984 |-INFO in ch.qos.logback.classic.LoggerContext[default] - Found resource [logback.xml] at [file:/Users/binodkathayat/Desktop/examproject/Exam/Exam%20portal/examserver/target/test-classes/logback.xml]
19:20:36,007 |-ERROR in ch.qos.logback.core.joran.spi.Interpreter@1:44 - no applicable action for [logger], current ElementPath  is [[logger]]
19:20:36,008 |-INFO in ch.qos.logback.classic.joran.JoranConfigurator@31190526 - Registering current configuration as safe fallback point

]]></system-out>
    <system-err><![CDATA[Logging system failed to initialize using configuration from 'null'
java.lang.IllegalStateException: Logback configuration error detected: 
ERROR in ch.qos.logback.core.joran.spi.Interpreter@1:44 - no applicable action for [logger], current ElementPath  is [[logger]]
	at org.springframework.boot.logging.logback.LogbackLoggingSystem.loadConfiguration(LogbackLoggingSystem.java:179)
	at org.springframework.boot.logging.logback.LogbackLoggingSystem.reinitialize(LogbackLoggingSystem.java:232)
	at org.springframework.boot.logging.AbstractLoggingSystem.initializeWithConventions(AbstractLoggingSystem.java:73)
	at org.springframework.boot.logging.AbstractLoggingSystem.initialize(AbstractLoggingSystem.java:60)
	at org.springframework.boot.logging.logback.LogbackLoggingSystem.initialize(LogbackLoggingSystem.java:132)
	at org.springframework.boot.context.logging.LoggingApplicationListener.initializeSystem(LoggingApplicationListener.java:329)
	at org.springframework.boot.context.logging.LoggingApplicationListener.initialize(LoggingApplicationListener.java:298)
	at org.springframework.boot.context.logging.LoggingApplicationListener.onApplicationEnvironmentPreparedEvent(LoggingApplicationListener.java:246)
	at org.springframework.boot.context.logging.LoggingApplicationListener.onApplicationEvent(LoggingApplicationListener.java:223)
	at org.springframework.context.event.SimpleApplicationEventMulticaster.doInvokeListener(SimpleApplicationEventMulticaster.java:176)
	at org.springframework.context.event.SimpleApplicationEventMulticaster.invokeListener(SimpleApplicationEventMulticaster.java:169)
	at org.springframework.context.event.SimpleApplicationEventMulticaster.multicastEvent(SimpleApplicationEventMulticaster.java:143)
	at org.springframework.context.event.SimpleApplicationEventMulticaster.multicastEvent(SimpleApplicationEventMulticaster.java:131)
	at org.springframework.boot.context.event.EventPublishingRunListener.environmentPrepared(EventPublishingRunListener.java:85)
	at org.springframework.boot.SpringApplicationRunListeners.lambda$environmentPrepared$2(SpringApplicationRunListeners.java:66)
	at java.base/java.util.ArrayList.forEach(ArrayList.java:1511)
	at org.springframework.boot.SpringApplicationRunListeners.doWithListeners(SpringApplicationRunListeners.java:120)
	at org.springframework.boot.SpringApplicationRunListeners.doWithListeners(SpringApplicationRunListeners.java:114)
	at org.springframework.boot.SpringApplicationRunListeners.environmentPrepared(SpringApplicationRunListeners.java:65)
	at org.springframework.boot.SpringApplication.prepareEnvironment(SpringApplication.java:344)
	at org.springframework.boot.SpringApplication.run(SpringApplication.java:302)
	at org.springframework.boot.test.context.SpringBootContextLoader.loadContext(SpringBootContextLoader.java:132)
	at org.springframework.test.context.cache.DefaultCacheAwareContextLoaderDelegate.loadContextInternal(DefaultCacheAwareContextLoaderDelegate.java:141)
	at org.springframework.test.context.cache.DefaultCacheAwareContextLoaderDelegate.loadContext(DefaultCacheAwareContextLoaderDelegate.java:90)
	at org.springframework.test.context.support.DefaultTestContext.getApplicationContext(DefaultTestContext.java:124)
	at org.springframework.test.context.web.ServletTestExecutionListener.setUpRequestContextIfNecessary(ServletTestExecutionListener.java:190)
	at org.springframework.test.context.web.ServletTestExecutionListener.prepareTestInstance(ServletTestExecutionListener.java:132)
	at org.springframework.test.context.TestContextManager.prepareTestInstance(TestContextManager.java:248)
	at org.springframework.test.context.junit.jupiter.SpringExtension.postProcessTestInstance(SpringExtension.java:138)
	at org.junit.jupiter.engine.descriptor.ClassBasedTestDescriptor.lambda$invokeTestInstancePostProcessors$8(ClassBasedTestDescriptor.java:363)
	at org.junit.jupiter.engine.descriptor.ClassBasedTestDescriptor.executeAndMaskThrowable(ClassBasedTestDescriptor.java:368)
	at org.junit.jupiter.engine.descriptor.ClassBasedTestDescriptor.lambda$invokeTestInstancePostProcessors$9(ClassBasedTestDescriptor.java:363)
	at java.base/java.util.stream.ReferencePipeline$3$1.accept(ReferencePipeline.java:197)
	at java.base/java.util.stream.ReferencePipeline$2$1.accept(ReferencePipeline.java:179)
	at java.base/java.util.ArrayList$ArrayListSpliterator.forEachRemaining(ArrayList.java:1625)
	at java.base/java.util.stream.AbstractPipeline.copyInto(AbstractPipeline.java:509)
	at java.base/java.util.stream.AbstractPipeline.wrapAndCopyInto(AbstractPipeline.java:499)
	at java.base/java.util.stream.StreamSpliterators$WrappingSpliterator.forEachRemaining(StreamSpliterators.java:310)
	at java.base/java.util.stream.Streams$ConcatSpliterator.forEachRemaining(Streams.java:735)
	at java.base/java.util.stream.Streams$ConcatSpliterator.forEachRemaining(Streams.java:734)
	at java.base/java.util.stream.ReferencePipeline$Head.forEach(ReferencePipeline.java:762)
	at org.junit.jupiter.engine.descriptor.ClassBasedTestDescriptor.invokeTestInstancePostProcessors(ClassBasedTestDescriptor.java:362)
	at org.junit.jupiter.engine.descriptor.ClassBasedTestDescriptor.lambda$instantiateAndPostProcessTestInstance$6(ClassBasedTestDescriptor.java:283)
	at org.junit.platform.engine.support.hierarchical.ThrowableCollector.execute(ThrowableCollector.java:73)
	at org.junit.jupiter.engine.descriptor.ClassBasedTestDescriptor.instantiateAndPostProcessTestInstance(ClassBasedTestDescriptor.java:282)
	at org.junit.jupiter.engine.descriptor.ClassBasedTestDescriptor.lambda$testInstancesProvider$4(ClassBasedTestDescriptor.java:272)
	at java.base/java.util.Optional.orElseGet(Optional.java:364)
	at org.junit.jupiter.engine.descriptor.ClassBasedTestDescriptor.lambda$testInstancesProvider$5(ClassBasedTestDescriptor.java:271)
	at org.junit.jupiter.engine.execution.TestInstancesProvider.getTestInstances(TestInstancesProvider.java:31)
	at org.junit.jupiter.engine.descriptor.TestMethodTestDescriptor.lambda$prepare$0(TestMethodTestDescriptor.java:102)
	at org.junit.platform.engine.support.hierarchical.ThrowableCollector.execute(ThrowableCollector.java:73)
	at org.junit.jupiter.engine.descriptor.TestMethodTestDescriptor.prepare(TestMethodTestDescriptor.java:101)
	at org.junit.jupiter.engine.descriptor.TestMethodTestDescriptor.prepare(TestMethodTestDescriptor.java:66)
	at org.junit.platform.engine.support.hierarchical.NodeTestTask.lambda$prepare$2(NodeTestTask.java:123)
	at org.junit.platform.engine.support.hierarchical.ThrowableCollector.execute(ThrowableCollector.java:73)
	at org.junit.platform.engine.support.hierarchical.NodeTestTask.prepare(NodeTestTask.java:123)
	at org.junit.platform.engine.support.hierarchical.NodeTestTask.execute(NodeTestTask.java:90)
	at java.base/java.util.ArrayList.forEach(ArrayList.java:1511)
	at org.junit.platform.engine.support.hierarchical.SameThreadHierarchicalTestExecutorService.invokeAll(SameThreadHierarchicalTestExecutorService.java:41)
	at org.junit.platform.engine.support.hierarchical.NodeTestTask.lambda$executeRecursively$6(NodeTestTask.java:155)
	at org.junit.platform.engine.support.hierarchical.ThrowableCollector.execute(ThrowableCollector.java:73)
	at org.junit.platform.engine.support.hierarchical.NodeTestTask.lambda$executeRecursively$8(NodeTestTask.java:141)
	at org.junit.platform.engine.support.hierarchical.Node.around(Node.java:137)
	at org.junit.platform.engine.support.hierarchical.NodeTestTask.lambda$executeRecursively$9(NodeTestTask.java:139)
	at org.junit.platform.engine.support.hierarchical.ThrowableCollector.execute(ThrowableCollector.java:73)
	at org.junit.platform.engine.support.hierarchical.NodeTestTask.executeRecursively(NodeTestTask.java:138)
	at org.junit.platform.engine.support.hierarchical.NodeTestTask.execute(NodeTestTask.java:95)
	at java.base/java.util.ArrayList.forEach(ArrayList.java:1511)
	at org.junit.platform.engine.support.hierarchical.SameThreadHierarchicalTestExecutorService.invokeAll(SameThreadHierarchicalTestExecutorService.java:41)
	at org.junit.platform.engine.support.hierarchical.NodeTestTask.lambda$executeRecursively$6(NodeTestTask.java:155)
	at org.junit.platform.engine.support.hierarchical.ThrowableCollector.execute(ThrowableCollector.java:73)
	at org.junit.platform.engine.support.hierarchical.NodeTestTask.lambda$executeRecursively$8(NodeTestTask.java:141)
	at org.junit.platform.engine.support.hierarchical.Node.around(Node.java:137)
	at org.junit.platform.engine.support.hierarchical.NodeTestTask.lambda$executeRecursively$9(NodeTestTask.java:139)
	at org.junit.platform.engine.support.hierarchical.ThrowableCollector.execute(ThrowableCollector.java:73)
	at org.junit.platform.engine.support.hierarchical.NodeTestTask.executeRecursively(NodeTestTask.java:138)
	at org.junit.platform.engine.support.hierarchical.NodeTestTask.execute(NodeTestTask.java:95)
	at org.junit.platform.engine.support.hierarchical.SameThreadHierarchicalTestExecutorService.submit(SameThreadHierarchicalTestExecutorService.java:35)
	at org.junit.platform.engine.support.hierarchical.HierarchicalTestExecutor.execute(HierarchicalTestExecutor.java:57)
	at org.junit.platform.engine.support.hierarchical.HierarchicalTestEngine.execute(HierarchicalTestEngine.java:54)
	at org.junit.platform.launcher.core.DefaultLauncher.execute(DefaultLauncher.java:220)
	at org.junit.platform.launcher.core.DefaultLauncher.lambda$execute$6(DefaultLauncher.java:188)
	at org.junit.platform.launcher.core.DefaultLauncher.withInterceptedStreams(DefaultLauncher.java:202)
	at org.junit.platform.launcher.core.DefaultLauncher.execute(DefaultLauncher.java:181)
	at org.junit.platform.launcher.core.DefaultLauncher.execute(DefaultLauncher.java:128)
	at org.apache.maven.surefire.junitplatform.JUnitPlatformProvider.invokeAllTests(JUnitPlatformProvider.java:150)
	at org.apache.maven.surefire.junitplatform.JUnitPlatformProvider.invoke(JUnitPlatformProvider.java:124)
	at org.apache.maven.surefire.booter.ForkedBooter.invokeProviderInSameClassLoader(ForkedBooter.java:384)
	at org.apache.maven.surefire.booter.ForkedBooter.runSuitesInProcess(ForkedBooter.java:345)
	at org.apache.maven.surefire.booter.ForkedBooter.execute(ForkedBooter.java:126)
	at org.apache.maven.surefire.booter.ForkedBooter.main(ForkedBooter.java:418)
]]></system-err>
  </testcase>
</testsuite>